2020-06-27T08:16:51.035Z [info] 200 : test
2020-06-27T08:16:52.781Z [info] 200 : 스마트 주차장 시스템 시작
2020-06-27T08:16:53.523Z [info] 200 : 스마트 주차장 시스템 시작
2020-06-27T08:16:54.259Z [info] 200 : 스마트 주차장 시스템 시작
2020-06-27T08:16:55.041Z [info] 200 : 스마트 주차장 시스템 시작
2020-06-27T08:16:55.783Z [info] 200 : 스마트 주차장 시스템 시작
2020-06-27T08:16:56.513Z [info] 200 : 스마트 주차장 시스템 시작
2020-06-27T08:16:57.273Z [info] 200 : 스마트 주차장 시스템 시작
2020-06-27T08:16:58.053Z [info] 200 : 스마트 주차장 시스템 시작
2020-06-27T08:16:58.783Z [info] 200 : 스마트 주차장 시스템 시작
2020-06-27T08:16:59.526Z [info] 200 : 스마트 주차장 시스템 시작
2020-06-27T08:17:00.298Z [info] 200 : 스마트 주차장 시스템 시작
2020-06-27T08:17:01.076Z [info] 200 : 스마트 주차장 시스템 시작
2020-06-27T08:17:01.809Z [info] 200 : 스마트 주차장 시스템 시작
2020-06-27T08:17:02.557Z [info] 200 : 스마트 주차장 시스템 시작
2020-06-27T08:17:03.344Z [info] 200 : 스마트 주차장 시스템 시작
2020-06-27T08:17:04.078Z [info] 200 : 스마트 주차장 시스템 시작
2020-06-27T08:17:04.811Z [info] 200 : 스마트 주차장 시스템 시작
2020-06-27T08:24:11.314Z [error] 404 : 일방통행 역주행
2020-06-27T08:26:46.767Z [info] 200 : 스마트 주차장 시스템 시작
2020-06-27T08:27:02.005Z [info] 201 : 입차 차량 번호 : 68O1660 입차 완료 
2020-06-27T08:27:09.683Z [info] 200 : 주차 0번 parknow 테이블 수정 성공
2020-06-27T08:27:26.449Z [info] 201 : 입차 차량 번호 : 56Du1812 입차 완료 
2020-06-27T08:27:28.713Z [error] 404 : 일방통행 역주행
2020-06-27T08:27:33.754Z [info] 200 : 주차 0번 parknow 테이블 수정 성공
2020-06-27T08:27:54.697Z [info] 201 : 입차 차량 번호 : 19Su1549 입차 완료 
2020-06-27T08:28:02.942Z [info] 200 : 주차 2번 parknow 테이블 수정 성공
2020-06-27T08:28:15.332Z [info] 203 : 엘리베이터 작동 elevup 
2020-06-27T08:28:21.039Z [info] 203 : 엘리베이터 작동 elevup 
2020-06-27T08:28:28.662Z [info] 203 : 엘리베이터 작동 elevdown
2020-06-27T08:28:44.461Z [error] 404 : 일방통행 역주행
2020-06-27T08:29:04.960Z [error] 401 : 두자리 주차 차량 감지, double_time_5 BUZZER ON
2020-06-27T08:29:12.819Z [error] 401 : 두자리 주차 차량 감지, double_time_6: BUZZER ON
2020-06-27T08:29:22.872Z [info] 200 : 주차 0번 parknow 테이블 수정 성공
2020-06-27T08:29:37.255Z [info] 202 : 출차 요청 차량 번호 : 68O1660
2020-06-27T08:29:46.491Z [info] 200 : 주차 1번 parknow 테이블 수정 성공
2020-06-27T08:29:55.226Z [error] 404 : 일방통행 역주행
2020-06-27T08:29:58.105Z [info] 202 : 출차 요청 차량 번호 : 56Du1812
2020-06-27T08:30:07.345Z [info] 200 : 주차 2번 parknow 테이블 수정 성공
2020-06-27T08:30:18.347Z [info] 202 : 출차 요청 차량 번호 : 19Su1549
